<?xml version="1.0" encoding="UTF-8"?>
<testng-results skipped="0" failed="0" ignored="0" total="1" passed="1">
  <reporter-output>
  </reporter-output>
  <suite name="Surefire suite" duration-ms="34442" started-at="2020-05-01T12:36:47 CDT" finished-at="2020-05-01T12:37:21 CDT">
    <groups>
      <group name="cucumber">
        <method signature="AbstractTestNGCucumberTests.feature(cucumber.api.testng.CucumberFeatureWrapper)[pri:0, instance:cucumberOptions.TestRunner@2d928643]" name="feature" class="cucumber.api.testng.AbstractTestNGCucumberTests"/>
      </group> <!-- cucumber -->
    </groups>
    <test name="Surefire test" duration-ms="34442" started-at="2020-05-01T12:36:47 CDT" finished-at="2020-05-01T12:37:21 CDT">
      <class name="cucumberOptions.TestRunner">
        <test-method status="PASS" signature="setUpClass()[pri:0, instance:cucumberOptions.TestRunner@2d928643]" name="setUpClass" is-config="true" duration-ms="309" started-at="2020-05-01T12:36:47 CDT" finished-at="2020-05-01T12:36:47 CDT">
          <reporter-output>
          </reporter-output>
        </test-method> <!-- setUpClass -->
        <test-method status="PASS" signature="feature(cucumber.api.testng.CucumberFeatureWrapper)[pri:0, instance:cucumberOptions.TestRunner@2d928643]" name="feature" duration-ms="33934" started-at="2020-05-01T12:36:47 CDT" description="Runs Cucumber Feature" data-provider="features" finished-at="2020-05-01T12:37:21 CDT">
          <params>
            <param index="0">
              <value>
                <![CDATA[Login Application]]>
              </value>
            </param>
          </params>
          <reporter-output>
          </reporter-output>
        </test-method> <!-- feature -->
        <test-method status="PASS" signature="tearDownClass()[pri:0, instance:cucumberOptions.TestRunner@2d928643]" name="tearDownClass" is-config="true" duration-ms="9" started-at="2020-05-01T12:37:21 CDT" finished-at="2020-05-01T12:37:21 CDT">
          <reporter-output>
          </reporter-output>
        </test-method> <!-- tearDownClass -->
      </class> <!-- cucumberOptions.TestRunner -->
    </test> <!-- Surefire test -->
  </suite> <!-- Surefire suite -->
</testng-results>
